<?xml version="1.0" encoding="UTF-8"?>
<!-- Generated by org.testng.reporters.JUnitXMLReporter -->
<testsuite hostname="ws-lv-cp2258" ignored="0" name="MainPage" tests="3" failures="1" timestamp="26 січ. 2017 14:58:36 GMT" time="67.065" errors="0">
  <testcase name="negative_loginAs_test" time="21.913" classname="eleks.com.pages_tests.MainPage_Test">
    <skipped/>
  </testcase> <!-- negative_loginAs_test -->
  <testcase name="negative_loginAs_test" time="21.246" classname="eleks.com.pages_tests.MainPage_Test">
    <skipped/>
  </testcase> <!-- negative_loginAs_test -->
  <testcase name="negative_loginAs_test" time="20.921" classname="eleks.com.pages_tests.MainPage_Test">
    <failure type="java.lang.AssertionError" message="expected [true] but found [false]">
      <![CDATA[java.lang.AssertionError: expected [true] but found [false]
	at eleks.com.pages_tests.MainPage_Test.negative_loginAs_test(MainPage_Test.java:66)
... Removed 29 stack frames]]>
    </failure>
  </testcase> <!-- negative_loginAs_test -->
</testsuite> <!-- MainPage -->
